<?xml version="1.0" encoding="UTF-8"?>
<!-- Generated by org.testng.reporters.JUnitReportReporter -->
<testsuite hostname="DESKTOP-JVGRT92" failures="0" tests="1" name="com.crm.autodesk.login.LoginPage" time="16.351" errors="0" timestamp="24 Feb 2021 08:52:32 GMT" skipped="0">
  <testcase classname="com.crm.autodesk.login.LoginPage" name="loginpagevtiger" time="16.351"/>
</testsuite> <!-- com.crm.autodesk.login.LoginPage -->
